Using pre-set license
Built from '2020.3/staging' branch; Version is '2020.3.13f1 (71691879b7f5) revision 7432472'; Using compiler version '192528614'; Build Type 'Release'
OS: 'Windows 10 Home; OS build 19042.1165; Version 2009; 64bit' Language: 'en' Physical Memory: 16177 MB
BatchMode: 1, IsHumanControllingUs: 0, StartBugReporterOnCrash: 0, Is64bit: 1, IsPro: 0

 COMMAND LINE ARGUMENTS:
D:\Unity\2020.3.13f1\Editor\Unity.exe
-adb2
-batchMode
-noUpm
-name
AssetImportWorker0
-projectPath
D:/Unity/Projects/Ass1/Assignment 1
-logFile
Logs/AssetImportWorker0.log
-srvPort
50305
Successfully changed project path to: D:/Unity/Projects/Ass1/Assignment 1
D:/Unity/Projects/Ass1/Assignment 1
Using Asset Import Pipeline V2.
Refreshing native plugins compatible for Editor in 26.19 ms, found 2 plugins.
Preloading 0 native plugins for Editor in 0.00 ms.
Initialize engine version: 2020.3.13f1 (71691879b7f5)
[Subsystems] Discovering subsystems at path D:/Unity/2020.3.13f1/Editor/Data/Resources/UnitySubsystems
[Subsystems] Discovering subsystems at path D:/Unity/Projects/Ass1/Assignment 1/Assets
GfxDevice: creating device client; threaded=0
Direct3D:
    Version:  Direct3D 11.0 [level 11.1]
    Renderer: NVIDIA GeForce GTX 1650 Ti (ID=0x1f95)
    Vendor:   
    VRAM:     3962 MB
    Driver:   30.0.14.7168
Initialize mono
Mono path[0] = 'D:/Unity/2020.3.13f1/Editor/Data/Managed'
Mono path[1] = 'D:/Unity/2020.3.13f1/Editor/Data/MonoBleedingEdge/lib/mono/unityjit'
Mono config path = 'D:/Unity/2020.3.13f1/Editor/Data/MonoBleedingEdge/etc'
Using monoOptions --debugger-agent=transport=dt_socket,embedding=1,server=y,suspend=n,address=127.0.0.1:56344
Begin MonoManager ReloadAssembly
Registering precompiled unity dll's ...
Register platform support module: D:/Unity/2020.3.13f1/Editor/Data/PlaybackEngines/WindowsStandaloneSupport/UnityEditor.WindowsStandalone.Extensions.dll
Registered in 0.001020 seconds.
Native extension for WindowsStandalone target not found
Refreshing native plugins compatible for Editor in 23.45 ms, found 2 plugins.
Preloading 0 native plugins for Editor in 0.00 ms.
Mono: successfully reloaded assembly
- Completed reload, in  1.745 seconds
Platform modules already initialized, skipping
Registering precompiled user dll's ...
Registered in 0.002526 seconds.
Begin MonoManager ReloadAssembly
Native extension for WindowsStandalone target not found
Refreshing native plugins compatible for Editor in 0.28 ms, found 2 plugins.
Preloading 0 native plugins for Editor in 0.00 ms.
Mono: successfully reloaded assembly
- Completed reload, in  0.882 seconds
Platform modules already initialized, skipping
========================================================================
Worker process is ready to serve import requests
Launched and connected shader compiler UnityShaderCompiler.exe after 0.04 seconds
Refreshing native plugins compatible for Editor in 0.30 ms, found 2 plugins.
Preloading 0 native plugins for Editor in 0.00 ms.
Unloading 1476 Unused Serialized files (Serialized files now loaded: 0)
System memory in use before: 81.1 MB.
System memory in use after: 81.1 MB.

Unloading 18 unused Assets to reduce memory usage. Loaded Objects now: 1932.
Total: 1.698700 ms (FindLiveObjects: 0.180000 ms CreateObjectMapping: 0.053000 ms MarkObjects: 1.412900 ms  DeleteObjects: 0.051900 ms)

AssetImportParameters requested are different than current active one (requested -> active):
  custom:framework-win-MediaFoundation: 216162199b28c13a410421893ffa2e32 -> 
  custom:video-decoder-ogg-theora: a1e56fd34408186e4bbccfd4996cb3dc -> 
  custom:container-muxer-webm: aa71ff27fc2769a1b78a27578f13a17b -> 
  custom:container-demuxer-webm: 4f35f7cbe854078d1ac9338744f61a02 -> 
  custom:container-demuxer-ogg: 62fdf1f143b41e24485cea50d1cbac27 -> 
  custom:video-encoder-webm-vp8: eb34c28f22e8b96e1ab97ce403110664 -> 
  custom:video-codec-MediaFoundation-h265: 746d11721c4dcdbdad8f713fa42b33f4 -> 
  custom:video-decoder-webm-vp8: 9c59270c3fd7afecdb556c50c9e8de78 -> 
  custom:audio-decoder-ogg-vorbis: bf7c407c2cedff20999df2af8eb42d56 -> 
  custom:audio-encoder-webm-vorbis: bf7c407c2cedff20999df2af8eb42d56 -> 
========================================================================
Received Import Request.
  path: Assets/Scene/CSCI_356_Scene3.unity
  artifactKey: Guid(2f718eec06fe69f40a2dd38515b0736b) Importer(815301076,1909f56bfc062723c751e8b465ee728b)
Start importing Assets/Scene/CSCI_356_Scene3.unity using Guid(2f718eec06fe69f40a2dd38515b0736b) Importer(815301076,1909f56bfc062723c751e8b465ee728b)  -> (artifact id: 'cac78ba9a1d5aed666c6a06eb8dd1711') in 0.031677 seconds 
  Import took 0.045387 seconds .

========================================================================
Received Import Request.
  Time since last request: 10.931951 seconds.
  path: Assets/NC_Assets/New Terrain 1.asset
  artifactKey: Guid(6168a450f0c0a464984fa73489a465da) Importer(815301076,1909f56bfc062723c751e8b465ee728b)
Start importing Assets/NC_Assets/New Terrain 1.asset using Guid(6168a450f0c0a464984fa73489a465da) Importer(815301076,1909f56bfc062723c751e8b465ee728b)  -> (artifact id: '92912961acc1391aa9b1d2e531b7a7ed') in 0.020175 seconds 
  Import took 0.111059 seconds .

========================================================================
Received Import Request.
  Time since last request: 0.000209 seconds.
  path: Assets/NC_Assets/New Terrain.asset
  artifactKey: Guid(b772e8252a518554c976a678ead5b0db) Importer(815301076,1909f56bfc062723c751e8b465ee728b)
Start importing Assets/NC_Assets/New Terrain.asset using Guid(b772e8252a518554c976a678ead5b0db) Importer(815301076,1909f56bfc062723c751e8b465ee728b)  -> (artifact id: '391cc2102152e3c43ba59847f95dcedf') in 0.005964 seconds 
  Import took 0.013730 seconds .

========================================================================
Received Import Request.
  Time since last request: 1.977910 seconds.
  path: Assets/NC_Assets/Blender
  artifactKey: Guid(908cc472397518149b46c4327e7e1dd3) Importer(815301076,1909f56bfc062723c751e8b465ee728b)
Start importing Assets/NC_Assets/Blender using Guid(908cc472397518149b46c4327e7e1dd3) Importer(815301076,1909f56bfc062723c751e8b465ee728b)  -> (artifact id: '787afbac522eed1ba190c7cfaa2511a4') in 0.002529 seconds 
  Import took 0.087530 seconds .

========================================================================
Received Import Request.
  Time since last request: 2.582802 seconds.
  path: Assets/NC_Assets/Blender/Animations
  artifactKey: Guid(251b109a60a7ba64083fa19941a5165a) Importer(815301076,1909f56bfc062723c751e8b465ee728b)
Start importing Assets/NC_Assets/Blender/Animations using Guid(251b109a60a7ba64083fa19941a5165a) Importer(815301076,1909f56bfc062723c751e8b465ee728b)  -> (artifact id: '9132d1ad387e942eb01da3bfe77ca884') in 0.001667 seconds 
  Import took 0.018013 seconds .

========================================================================
Received Import Request.
  Time since last request: 1.479078 seconds.
  path: Assets/NC_Assets/Blender/Animations/SpikeAnimator.controller
  artifactKey: Guid(ab674b32d7f03c34d847f7b3d4c796a9) Importer(815301076,1909f56bfc062723c751e8b465ee728b)
Start importing Assets/NC_Assets/Blender/Animations/SpikeAnimator.controller using Guid(ab674b32d7f03c34d847f7b3d4c796a9) Importer(815301076,1909f56bfc062723c751e8b465ee728b)  -> (artifact id: '5a1209c102df8c15f56a56f8f4953e03') in 0.003477 seconds 
  Import took 0.023600 seconds .

========================================================================
Received Import Request.
  Time since last request: 1.530639 seconds.
  path: Assets/NC_Assets/Blender/Spike.blend
  artifactKey: Guid(7b35ca91a91a4aa498f30b1c58bd4baf) Importer(815301076,1909f56bfc062723c751e8b465ee728b)
Start importing Assets/NC_Assets/Blender/Spike.blend using Guid(7b35ca91a91a4aa498f30b1c58bd4baf) Importer(815301076,1909f56bfc062723c751e8b465ee728b)  -> (artifact id: 'c07031280fa40aa3c388ee979f51f563') in 0.003100 seconds 
  Import took 0.024066 seconds .

========================================================================
Received Import Request.
  Time since last request: 0.003359 seconds.
  path: Assets/NC_Assets/Blender/Spike.blend
  artifactKey: Guid(7b35ca91a91a4aa498f30b1c58bd4baf) Importer(815301076,1909f56bfc062723c751e8b465ee728b)
Start importing Assets/NC_Assets/Blender/Spike.blend using Guid(7b35ca91a91a4aa498f30b1c58bd4baf) Importer(815301076,1909f56bfc062723c751e8b465ee728b)  -> (artifact id: 'c07031280fa40aa3c388ee979f51f563') in 0.002013 seconds 
  Import took 0.004463 seconds .

========================================================================
Received Import Request.
  Time since last request: 1.278481 seconds.
  path: Assets/NC_Assets/Blender/Spike.blend1
  artifactKey: Guid(9ec4c4e35bd4dd94388be30f0966be06) Importer(815301076,1909f56bfc062723c751e8b465ee728b)
Start importing Assets/NC_Assets/Blender/Spike.blend1 using Guid(9ec4c4e35bd4dd94388be30f0966be06) Importer(815301076,1909f56bfc062723c751e8b465ee728b)  -> (artifact id: 'c5182acc6d7236f9c43af09b0704f593') in 0.002573 seconds 
  Import took 0.024608 seconds .

========================================================================
Received Import Request.
  Time since last request: 186.512659 seconds.
  path: Assets/NC_Assets/Prefabs
  artifactKey: Guid(864dd2b45d78977439c07f35db10d830) Importer(815301076,1909f56bfc062723c751e8b465ee728b)
Start importing Assets/NC_Assets/Prefabs using Guid(864dd2b45d78977439c07f35db10d830) Importer(815301076,1909f56bfc062723c751e8b465ee728b)  -> (artifact id: 'b49dbf0f996137f7744595937d120456') in 0.001470 seconds 
  Import took 0.073720 seconds .

========================================================================
Received Import Request.
  Time since last request: 0.535512 seconds.
  path: Assets/NC_Assets/Textures
  artifactKey: Guid(e8a35aae3169cef4ca6bcd2bdeb5d665) Importer(815301076,1909f56bfc062723c751e8b465ee728b)
Start importing Assets/NC_Assets/Textures using Guid(e8a35aae3169cef4ca6bcd2bdeb5d665) Importer(815301076,1909f56bfc062723c751e8b465ee728b)  -> (artifact id: 'da467cc12cac3c2fb2db2cf57ea3eff2') in 0.001621 seconds 
  Import took 0.003854 seconds .

========================================================================
Received Import Request.
  Time since last request: 0.000918 seconds.
  path: Assets/NC_Assets/Textures
  artifactKey: Guid(e8a35aae3169cef4ca6bcd2bdeb5d665) Importer(815301076,1909f56bfc062723c751e8b465ee728b)
Start importing Assets/NC_Assets/Textures using Guid(e8a35aae3169cef4ca6bcd2bdeb5d665) Importer(815301076,1909f56bfc062723c751e8b465ee728b)  -> (artifact id: 'da467cc12cac3c2fb2db2cf57ea3eff2') in 0.001455 seconds 
  Import took 0.003536 seconds .

========================================================================
Received Import Request.
  Time since last request: 0.056484 seconds.
  path: Assets/NC_Assets/Textures/Maze_20x20.png
  artifactKey: Guid(3398ed34aa071ad4aad6213f3e52aa69) Importer(815301076,1909f56bfc062723c751e8b465ee728b)
Start importing Assets/NC_Assets/Textures/Maze_20x20.png using Guid(3398ed34aa071ad4aad6213f3e52aa69) Importer(815301076,1909f56bfc062723c751e8b465ee728b)  -> (artifact id: '6265e885acda9583d8a67e36cca40589') in 0.183842 seconds 
  Import took 0.190502 seconds .

========================================================================
Received Import Request.
  Time since last request: 0.000137 seconds.
  path: Assets/NC_Assets/Textures/NewBrush.brush
  artifactKey: Guid(76f60a79a95947e4eb2b8efb3d5febc2) Importer(815301076,1909f56bfc062723c751e8b465ee728b)
Start importing Assets/NC_Assets/Textures/NewBrush.brush using Guid(76f60a79a95947e4eb2b8efb3d5febc2) Importer(815301076,1909f56bfc062723c751e8b465ee728b)  -> (artifact id: 'c44c91d81ba689703963b8a7b327f309') in 0.012635 seconds 
  Import took 0.026280 seconds .

AssetImportWorkerClient::OnTransportError - code=2 error=End of file
